Using pre-set license
Built from '2020.3/release' branch; Version is '2020.3.2f1 (8fd9074bf66c) revision 9427207'; Using compiler version '192528614'; Build Type 'Release'
OS: 'Windows 10 Home; OS build 19042.906; Version 2009; 64bit' Language: 'tr' Physical Memory: 15741 MB
BatchMode: 1, IsHumanControllingUs: 0, StartBugReporterOnCrash: 0, Is64bit: 1, IsPro: 0

 COMMAND LINE ARGUMENTS:
C:\Program Files\Unity\Hub\Editor\2020.3.2f1\Editor\Unity.exe
-adb2
-batchMode
-noUpm
-name
AssetImportWorker0
-projectPath
C:/Users/crazy/Documents/GitHub/ConvoyCase/ConvoyCase
-logFile
Logs/AssetImportWorker0.log
-srvPort
54555
Successfully changed project path to: C:/Users/crazy/Documents/GitHub/ConvoyCase/ConvoyCase
C:/Users/crazy/Documents/GitHub/ConvoyCase/ConvoyCase
Using Asset Import Pipeline V2.
Refreshing native plugins compatible for Editor in 30.96 ms, found 0 plugins.
Preloading 0 native plugins for Editor in 0.00 ms.
Initialize engine version: 2020.3.2f1 (8fd9074bf66c)
[Subsystems] Discovering subsystems at path C:/Program Files/Unity/Hub/Editor/2020.3.2f1/Editor/Data/Resources/UnitySubsystems
[Subsystems] Discovering subsystems at path C:/Users/crazy/Documents/GitHub/ConvoyCase/ConvoyCase/Assets
GfxDevice: creating device client; threaded=0
Direct3D:
    Version:  Direct3D 11.0 [level 11.1]
    Renderer: NVIDIA GeForce GTX 1650 Ti (ID=0x1f95)
    Vendor:   
    VRAM:     3962 MB
    Driver:   27.21.14.6589
Initialize mono
Mono path[0] = 'C:/Program Files/Unity/Hub/Editor/2020.3.2f1/Editor/Data/Managed'
Mono path[1] = 'C:/Program Files/Unity/Hub/Editor/2020.3.2f1/Editor/Data/MonoBleedingEdge/lib/mono/unityjit'
Mono config path = 'C:/Program Files/Unity/Hub/Editor/2020.3.2f1/Editor/Data/MonoBleedingEdge/etc'
Using monoOptions --debugger-agent=transport=dt_socket,embedding=1,server=y,suspend=n,address=127.0.0.1:56084
Begin MonoManager ReloadAssembly
Registering precompiled unity dll's ...
Register platform support module: C:/Program Files/Unity/Hub/Editor/2020.3.2f1/Editor/Data/PlaybackEngines/WebGLSupport/UnityEditor.WebGL.Extensions.dll
Register platform support module: C:/Program Files/Unity/Hub/Editor/2020.3.2f1/Editor/Data/PlaybackEngines/WindowsStandaloneSupport/UnityEditor.WindowsStandalone.Extensions.dll
Registered in 0.001802 seconds.
Native extension for WindowsStandalone target not found
Native extension for WebGL target not found
Refreshing native plugins compatible for Editor in 32.60 ms, found 0 plugins.
Preloading 0 native plugins for Editor in 0.00 ms.
Invoked RoslynAnalysisRunner static constructor.
RoslynAnalysisRunner will not be running.
RoslynAnalysisRunner has terminated.
Mono: successfully reloaded assembly
- Completed reload, in  1.732 seconds
Platform modules already initialized, skipping
Registering precompiled user dll's ...
Registered in 0.000743 seconds.
Begin MonoManager ReloadAssembly
Native extension for WindowsStandalone target not found
Native extension for WebGL target not found
Refreshing native plugins compatible for Editor in 0.36 ms, found 0 plugins.
Preloading 0 native plugins for Editor in 0.00 ms.
Invoked RoslynAnalysisRunner static constructor.
RoslynAnalysisRunner will not be running.
RoslynAnalysisRunner has terminated.
Mono: successfully reloaded assembly
- Completed reload, in  0.701 seconds
Platform modules already initialized, skipping
========================================================================
Worker process is ready to serve import requests
Launched and connected shader compiler UnityShaderCompiler.exe after 0.04 seconds
Refreshing native plugins compatible for Editor in 0.38 ms, found 0 plugins.
Preloading 0 native plugins for Editor in 0.00 ms.
Unloading 1268 Unused Serialized files (Serialized files now loaded: 0)
System memory in use before: 64.5 MB.
System memory in use after: 64.5 MB.

Unloading 11 unused Assets to reduce memory usage. Loaded Objects now: 1712.
Total: 2.065500 ms (FindLiveObjects: 0.386000 ms CreateObjectMapping: 0.086100 ms MarkObjects: 1.519300 ms  DeleteObjects: 0.072000 ms)

========================================================================
Received Import Request.
  path: Assets/Prefabs/source
  artifactKey: Guid(6cb8e3d4f31931a4fb8ae3030ffbb38e) Importer(815301076,1909f56bfc062723c751e8b465ee728b)
Start importing Assets/Prefabs/source using Guid(6cb8e3d4f31931a4fb8ae3030ffbb38e) Importer(815301076,1909f56bfc062723c751e8b465ee728b)  -> (artifact id: '3712cd86c55d8c8fb84d8e8b1b0e917c') in 0.007672 seconds
  Import took 0.011133 seconds .

========================================================================
Received Import Request.
  Time since last request: 4.469893 seconds.
  path: Assets/Prefabs/limo
  artifactKey: Guid(5854e56575d1c6146b02d94b316c620d) Importer(815301076,1909f56bfc062723c751e8b465ee728b)
Start importing Assets/Prefabs/limo using Guid(5854e56575d1c6146b02d94b316c620d) Importer(815301076,1909f56bfc062723c751e8b465ee728b)  -> (artifact id: '1ea0393a3b814baf5ff3947932c7064c') in 0.007372 seconds
  Import took 0.010827 seconds .

========================================================================
Received Import Request.
  Time since last request: 8.013983 seconds.
  path: Assets/Prefabs/limo/source/Voxel_Limousine.fbx
  artifactKey: Guid(89b74e49c75ef1843b6396d2e2edf977) Importer(815301076,1909f56bfc062723c751e8b465ee728b)
Start importing Assets/Prefabs/limo/source/Voxel_Limousine.fbx using Guid(89b74e49c75ef1843b6396d2e2edf977) Importer(815301076,1909f56bfc062723c751e8b465ee728b)  -> (artifact id: 'dd5c9bc96b3dab9ab228574db686dd39') in 0.137182 seconds
  Import took 0.140116 seconds .

========================================================================
Received Import Request.
  Time since last request: 67.419012 seconds.
  path: Assets/Prefabs/limo/textures
  artifactKey: Guid(0723f1452c10ead44958ed4f59b3e1dd) Importer(815301076,1909f56bfc062723c751e8b465ee728b)
Start importing Assets/Prefabs/limo/textures using Guid(0723f1452c10ead44958ed4f59b3e1dd) Importer(815301076,1909f56bfc062723c751e8b465ee728b)  -> (artifact id: '34a28f8c6d1622898980fa2632da18fe') in 0.007308 seconds
  Import took 0.010283 seconds .

========================================================================
Received Import Request.
  Time since last request: 24.575886 seconds.
  path: Assets/Prefabs/limo/textures/palette.png
  artifactKey: Guid(fbf369820550b8648b15f347e23ebb19) Importer(815301076,1909f56bfc062723c751e8b465ee728b)
Start importing Assets/Prefabs/limo/textures/palette.png using Guid(fbf369820550b8648b15f347e23ebb19) Importer(815301076,1909f56bfc062723c751e8b465ee728b)  -> (artifact id: '95a5d25223f13c7b94d5ee92403bca77') in 0.024549 seconds
  Import took 0.027732 seconds .

========================================================================
Received Import Request.
  Time since last request: 0.013247 seconds.
  path: Assets/Prefabs/limo/textures/palette.png
  artifactKey: Guid(fbf369820550b8648b15f347e23ebb19) Importer(815301076,1909f56bfc062723c751e8b465ee728b)
Start importing Assets/Prefabs/limo/textures/palette.png using Guid(fbf369820550b8648b15f347e23ebb19) Importer(815301076,1909f56bfc062723c751e8b465ee728b)  -> (artifact id: '95a5d25223f13c7b94d5ee92403bca77') in 0.009621 seconds
  Import took 0.012586 seconds .

========================================================================
Received Prepare
Registering precompiled user dll's ...
Registered in 0.000711 seconds.
Begin MonoManager ReloadAssembly
Native extension for WindowsStandalone target not found
Native extension for WebGL target not found
Refreshing native plugins compatible for Editor in 0.36 ms, found 0 plugins.
Preloading 0 native plugins for Editor in 0.00 ms.
Invoked RoslynAnalysisRunner static constructor.
RoslynAnalysisRunner will not be running.
RoslynAnalysisRunner has terminated.
Mono: successfully reloaded assembly
- Completed reload, in  0.696 seconds
Platform modules already initialized, skipping
Refreshing native plugins compatible for Editor in 0.37 ms, found 0 plugins.
Preloading 0 native plugins for Editor in 0.00 ms.
Unloading 1262 Unused Serialized files (Serialized files now loaded: 0)
System memory in use before: 67.7 MB.
System memory in use after: 67.8 MB.

Unloading 6 unused Assets to reduce memory usage. Loaded Objects now: 1761.
Total: 2.632000 ms (FindLiveObjects: 0.242400 ms CreateObjectMapping: 0.076700 ms MarkObjects: 2.261600 ms  DeleteObjects: 0.049900 ms)

========================================================================
Received Import Request.
  Time since last request: 62.747590 seconds.
  path: Assets/Scripts/LimoCrush.cs
  artifactKey: Guid(93927c26cd1c95a4c80fd33c2904ee96) Importer(815301076,1909f56bfc062723c751e8b465ee728b)
Start importing Assets/Scripts/LimoCrush.cs using Guid(93927c26cd1c95a4c80fd33c2904ee96) Importer(815301076,1909f56bfc062723c751e8b465ee728b)  -> (artifact id: '25b5cf1cae666f87acc5ca4bc105a433') in 0.010959 seconds
  Import took 0.013357 seconds .

========================================================================
Received Prepare
Registering precompiled user dll's ...
Registered in 0.000754 seconds.
Begin MonoManager ReloadAssembly
Native extension for WindowsStandalone target not found
Native extension for WebGL target not found
Refreshing native plugins compatible for Editor in 0.35 ms, found 0 plugins.
Preloading 0 native plugins for Editor in 0.00 ms.
Invoked RoslynAnalysisRunner static constructor.
RoslynAnalysisRunner will not be running.
RoslynAnalysisRunner has terminated.
Mono: successfully reloaded assembly
- Completed reload, in  0.665 seconds
Platform modules already initialized, skipping
Refreshing native plugins compatible for Editor in 0.36 ms, found 0 plugins.
Preloading 0 native plugins for Editor in 0.00 ms.
Unloading 1262 Unused Serialized files (Serialized files now loaded: 0)
System memory in use before: 67.7 MB.
System memory in use after: 67.8 MB.

Unloading 6 unused Assets to reduce memory usage. Loaded Objects now: 1764.
Total: 2.364400 ms (FindLiveObjects: 0.170600 ms CreateObjectMapping: 0.031100 ms MarkObjects: 2.105000 ms  DeleteObjects: 0.056100 ms)

========================================================================
Received Import Request.
  Time since last request: 188.937846 seconds.
  path: Assets/Scripts/LimoCrush.cs
  artifactKey: Guid(93927c26cd1c95a4c80fd33c2904ee96) Importer(815301076,1909f56bfc062723c751e8b465ee728b)
Start importing Assets/Scripts/LimoCrush.cs using Guid(93927c26cd1c95a4c80fd33c2904ee96) Importer(815301076,1909f56bfc062723c751e8b465ee728b)  -> (artifact id: '33ddabd5a4e0faeb2458fc227e3b5054') in 0.003989 seconds
  Import took 0.006549 seconds .

========================================================================
Received Import Request.
  Time since last request: 5.755141 seconds.
  path: Assets/Scripts/MoveFoward.cs
  artifactKey: Guid(de413c2dd950eaa46ad6512ec34c3ae1) Importer(815301076,1909f56bfc062723c751e8b465ee728b)
Start importing Assets/Scripts/MoveFoward.cs using Guid(de413c2dd950eaa46ad6512ec34c3ae1) Importer(815301076,1909f56bfc062723c751e8b465ee728b)  -> (artifact id: 'f34f43cd47a42c4bdac9ea0ff5510fb0') in 0.007286 seconds
  Import took 0.010209 seconds .

========================================================================
Received Import Request.
  Time since last request: 0.893783 seconds.
  path: Assets/Scripts/PlayerMovement.cs
  artifactKey: Guid(073d2464f8e816e48a64230a9466270f) Importer(815301076,1909f56bfc062723c751e8b465ee728b)
Start importing Assets/Scripts/PlayerMovement.cs using Guid(073d2464f8e816e48a64230a9466270f) Importer(815301076,1909f56bfc062723c751e8b465ee728b)  -> (artifact id: '14485c1b46feca7d078600d126d8ea58') in 0.008570 seconds
  Import took 0.012090 seconds .

========================================================================
Received Prepare
Registering precompiled user dll's ...
Registered in 0.001033 seconds.
Begin MonoManager ReloadAssembly
Native extension for WindowsStandalone target not found
Native extension for WebGL target not found
Refreshing native plugins compatible for Editor in 0.36 ms, found 0 plugins.
Preloading 0 native plugins for Editor in 0.00 ms.
Invoked RoslynAnalysisRunner static constructor.
RoslynAnalysisRunner will not be running.
RoslynAnalysisRunner has terminated.
Mono: successfully reloaded assembly
- Completed reload, in  0.651 seconds
Platform modules already initialized, skipping
Refreshing native plugins compatible for Editor in 0.35 ms, found 0 plugins.
Preloading 0 native plugins for Editor in 0.00 ms.
Unloading 1262 Unused Serialized files (Serialized files now loaded: 0)
System memory in use before: 67.8 MB.
System memory in use after: 67.8 MB.

Unloading 6 unused Assets to reduce memory usage. Loaded Objects now: 1767.
Total: 2.298800 ms (FindLiveObjects: 0.281100 ms CreateObjectMapping: 0.079000 ms MarkObjects: 1.885100 ms  DeleteObjects: 0.052100 ms)

========================================================================
Received Prepare
Registering precompiled user dll's ...
Registered in 0.000697 seconds.
Begin MonoManager ReloadAssembly
Native extension for WindowsStandalone target not found
Native extension for WebGL target not found
Refreshing native plugins compatible for Editor in 0.39 ms, found 0 plugins.
Preloading 0 native plugins for Editor in 0.00 ms.
Invoked RoslynAnalysisRunner static constructor.
RoslynAnalysisRunner will not be running.
RoslynAnalysisRunner has terminated.
Mono: successfully reloaded assembly
- Completed reload, in  0.661 seconds
Platform modules already initialized, skipping
Refreshing native plugins compatible for Editor in 0.38 ms, found 0 plugins.
Preloading 0 native plugins for Editor in 0.00 ms.
Unloading 1262 Unused Serialized files (Serialized files now loaded: 0)
System memory in use before: 67.8 MB.
System memory in use after: 67.8 MB.

Unloading 6 unused Assets to reduce memory usage. Loaded Objects now: 1770.
Total: 2.797100 ms (FindLiveObjects: 0.204700 ms CreateObjectMapping: 0.078600 ms MarkObjects: 2.455000 ms  DeleteObjects: 0.057400 ms)

========================================================================
Received Prepare
Registering precompiled user dll's ...
Registered in 0.000710 seconds.
Begin MonoManager ReloadAssembly
Native extension for WindowsStandalone target not found
Native extension for WebGL target not found
Refreshing native plugins compatible for Editor in 0.36 ms, found 0 plugins.
Preloading 0 native plugins for Editor in 0.00 ms.
Invoked RoslynAnalysisRunner static constructor.
RoslynAnalysisRunner will not be running.
RoslynAnalysisRunner has terminated.
Mono: successfully reloaded assembly
- Completed reload, in  0.653 seconds
Platform modules already initialized, skipping
Refreshing native plugins compatible for Editor in 0.36 ms, found 0 plugins.
Preloading 0 native plugins for Editor in 0.00 ms.
Unloading 1262 Unused Serialized files (Serialized files now loaded: 0)
System memory in use before: 67.8 MB.
System memory in use after: 67.9 MB.

Unloading 6 unused Assets to reduce memory usage. Loaded Objects now: 1773.
Total: 2.094500 ms (FindLiveObjects: 0.272000 ms CreateObjectMapping: 0.076100 ms MarkObjects: 1.690200 ms  DeleteObjects: 0.054300 ms)

========================================================================
Received Prepare
Registering precompiled user dll's ...
Registered in 0.000726 seconds.
Begin MonoManager ReloadAssembly
Native extension for WindowsStandalone target not found
Native extension for WebGL target not found
Refreshing native plugins compatible for Editor in 0.37 ms, found 0 plugins.
Preloading 0 native plugins for Editor in 0.00 ms.
Invoked RoslynAnalysisRunner static constructor.
RoslynAnalysisRunner will not be running.
RoslynAnalysisRunner has terminated.
Mono: successfully reloaded assembly
- Completed reload, in  0.658 seconds
Platform modules already initialized, skipping
Refreshing native plugins compatible for Editor in 0.35 ms, found 0 plugins.
Preloading 0 native plugins for Editor in 0.00 ms.
Unloading 1262 Unused Serialized files (Serialized files now loaded: 0)
System memory in use before: 67.8 MB.
System memory in use after: 67.9 MB.

Unloading 6 unused Assets to reduce memory usage. Loaded Objects now: 1776.
Total: 2.334900 ms (FindLiveObjects: 0.185700 ms CreateObjectMapping: 0.029200 ms MarkObjects: 2.056400 ms  DeleteObjects: 0.062100 ms)

========================================================================
Received Prepare
Registering precompiled user dll's ...
Registered in 0.000714 seconds.
Begin MonoManager ReloadAssembly
Native extension for WindowsStandalone target not found
Native extension for WebGL target not found
Refreshing native plugins compatible for Editor in 0.35 ms, found 0 plugins.
Preloading 0 native plugins for Editor in 0.00 ms.
Invoked RoslynAnalysisRunner static constructor.
RoslynAnalysisRunner will not be running.
RoslynAnalysisRunner has terminated.
Mono: successfully reloaded assembly
- Completed reload, in  0.679 seconds
Platform modules already initialized, skipping
Refreshing native plugins compatible for Editor in 0.36 ms, found 0 plugins.
Preloading 0 native plugins for Editor in 0.00 ms.
Unloading 1262 Unused Serialized files (Serialized files now loaded: 0)
System memory in use before: 67.8 MB.
System memory in use after: 67.9 MB.

Unloading 6 unused Assets to reduce memory usage. Loaded Objects now: 1779.
Total: 2.159100 ms (FindLiveObjects: 0.208400 ms CreateObjectMapping: 0.053000 ms MarkObjects: 1.842300 ms  DeleteObjects: 0.054000 ms)

========================================================================
Received Prepare
Registering precompiled user dll's ...
Registered in 0.000805 seconds.
Begin MonoManager ReloadAssembly
Native extension for WindowsStandalone target not found
Native extension for WebGL target not found
Refreshing native plugins compatible for Editor in 0.37 ms, found 0 plugins.
Preloading 0 native plugins for Editor in 0.00 ms.
Invoked RoslynAnalysisRunner static constructor.
RoslynAnalysisRunner will not be running.
RoslynAnalysisRunner has terminated.
Mono: successfully reloaded assembly
- Completed reload, in  0.660 seconds
Platform modules already initialized, skipping
Refreshing native plugins compatible for Editor in 0.35 ms, found 0 plugins.
Preloading 0 native plugins for Editor in 0.00 ms.
Unloading 1262 Unused Serialized files (Serialized files now loaded: 0)
System memory in use before: 67.8 MB.
System memory in use after: 67.9 MB.

Unloading 6 unused Assets to reduce memory usage. Loaded Objects now: 1782.
Total: 2.512300 ms (FindLiveObjects: 0.274900 ms CreateObjectMapping: 0.075800 ms MarkObjects: 2.099200 ms  DeleteObjects: 0.060400 ms)

========================================================================
Received Prepare
Registering precompiled user dll's ...
Registered in 0.001040 seconds.
Begin MonoManager ReloadAssembly
Native extension for WindowsStandalone target not found
Native extension for WebGL target not found
Refreshing native plugins compatible for Editor in 0.36 ms, found 0 plugins.
Preloading 0 native plugins for Editor in 0.00 ms.
Invoked RoslynAnalysisRunner static constructor.
RoslynAnalysisRunner will not be running.
RoslynAnalysisRunner has terminated.
Mono: successfully reloaded assembly
- Completed reload, in  0.656 seconds
Platform modules already initialized, skipping
Refreshing native plugins compatible for Editor in 0.36 ms, found 0 plugins.
Preloading 0 native plugins for Editor in 0.00 ms.
Unloading 1262 Unused Serialized files (Serialized files now loaded: 0)
System memory in use before: 67.8 MB.
System memory in use after: 67.9 MB.

Unloading 6 unused Assets to reduce memory usage. Loaded Objects now: 1785.
Total: 2.251500 ms (FindLiveObjects: 0.268800 ms CreateObjectMapping: 0.083400 ms MarkObjects: 1.841000 ms  DeleteObjects: 0.055700 ms)

========================================================================
Received Import Request.
  Time since last request: 313.798827 seconds.
  path: Assets/Scripts/GameManager.cs
  artifactKey: Guid(552ca27f5eb7773468db73467dcd0722) Importer(815301076,1909f56bfc062723c751e8b465ee728b)
Start importing Assets/Scripts/GameManager.cs using Guid(552ca27f5eb7773468db73467dcd0722) Importer(815301076,1909f56bfc062723c751e8b465ee728b)  -> (artifact id: '342bbfb2a9f6f89b5548447da6f8d344') in 0.008445 seconds
  Import took 0.010831 seconds .

========================================================================
Received Prepare
Registering precompiled user dll's ...
Registered in 0.000709 seconds.
Begin MonoManager ReloadAssembly
Native extension for WindowsStandalone target not found
Native extension for WebGL target not found
Refreshing native plugins compatible for Editor in 0.49 ms, found 0 plugins.
Preloading 0 native plugins for Editor in 0.00 ms.
Invoked RoslynAnalysisRunner static constructor.
RoslynAnalysisRunner will not be running.
RoslynAnalysisRunner has terminated.
Mono: successfully reloaded assembly
- Completed reload, in  0.678 seconds
Platform modules already initialized, skipping
Refreshing native plugins compatible for Editor in 0.70 ms, found 0 plugins.
Preloading 0 native plugins for Editor in 0.00 ms.
Unloading 1263 Unused Serialized files (Serialized files now loaded: 0)
System memory in use before: 67.8 MB.
System memory in use after: 67.9 MB.

Unloading 6 unused Assets to reduce memory usage. Loaded Objects now: 1789.
Total: 2.285900 ms (FindLiveObjects: 0.176300 ms CreateObjectMapping: 0.029400 ms MarkObjects: 2.005400 ms  DeleteObjects: 0.073300 ms)

========================================================================
Received Prepare
Registering precompiled user dll's ...
Registered in 0.000729 seconds.
Begin MonoManager ReloadAssembly
Native extension for WindowsStandalone target not found
Native extension for WebGL target not found
Refreshing native plugins compatible for Editor in 0.40 ms, found 0 plugins.
Preloading 0 native plugins for Editor in 0.00 ms.
Invoked RoslynAnalysisRunner static constructor.
RoslynAnalysisRunner will not be running.
RoslynAnalysisRunner has terminated.
Mono: successfully reloaded assembly
- Completed reload, in  0.638 seconds
Platform modules already initialized, skipping
Refreshing native plugins compatible for Editor in 0.35 ms, found 0 plugins.
Preloading 0 native plugins for Editor in 0.00 ms.
Unloading 1263 Unused Serialized files (Serialized files now loaded: 0)
System memory in use before: 67.8 MB.
System memory in use after: 67.9 MB.

Unloading 6 unused Assets to reduce memory usage. Loaded Objects now: 1792.
Total: 2.157100 ms (FindLiveObjects: 0.266900 ms CreateObjectMapping: 0.075300 ms MarkObjects: 1.759200 ms  DeleteObjects: 0.054100 ms)

========================================================================
Received Import Request.
  Time since last request: 153.397917 seconds.
  path: Assets/Scripts/GameManager.cs
  artifactKey: Guid(552ca27f5eb7773468db73467dcd0722) Importer(815301076,1909f56bfc062723c751e8b465ee728b)
Start importing Assets/Scripts/GameManager.cs using Guid(552ca27f5eb7773468db73467dcd0722) Importer(815301076,1909f56bfc062723c751e8b465ee728b)  -> (artifact id: '89669d73d4dcea0b52c5af9f6df7c60c') in 0.007229 seconds
  Import took 0.009761 seconds .

========================================================================
Received Prepare
Registering precompiled user dll's ...
Registered in 0.001005 seconds.
Begin MonoManager ReloadAssembly
Native extension for WindowsStandalone target not found
Native extension for WebGL target not found
Refreshing native plugins compatible for Editor in 0.37 ms, found 0 plugins.
Preloading 0 native plugins for Editor in 0.00 ms.
Invoked RoslynAnalysisRunner static constructor.
RoslynAnalysisRunner will not be running.
RoslynAnalysisRunner has terminated.
Mono: successfully reloaded assembly
- Completed reload, in  0.645 seconds
Platform modules already initialized, skipping
Refreshing native plugins compatible for Editor in 0.36 ms, found 0 plugins.
Preloading 0 native plugins for Editor in 0.00 ms.
Unloading 1263 Unused Serialized files (Serialized files now loaded: 0)
System memory in use before: 67.8 MB.
System memory in use after: 67.9 MB.

Unloading 6 unused Assets to reduce memory usage. Loaded Objects now: 1795.
Total: 2.695900 ms (FindLiveObjects: 0.211200 ms CreateObjectMapping: 0.054200 ms MarkObjects: 2.373700 ms  DeleteObjects: 0.055100 ms)

========================================================================
Received Import Request.
  Time since last request: 115.272416 seconds.
  path: Assets/Scripts/GameManager.cs
  artifactKey: Guid(552ca27f5eb7773468db73467dcd0722) Importer(815301076,1909f56bfc062723c751e8b465ee728b)
Start importing Assets/Scripts/GameManager.cs using Guid(552ca27f5eb7773468db73467dcd0722) Importer(815301076,1909f56bfc062723c751e8b465ee728b)  -> (artifact id: 'd83d0157c33ee8116804e49833827a47') in 0.004077 seconds
  Import took 0.006778 seconds .

========================================================================
Received Import Request.
  Time since last request: 1.114139 seconds.
  path: Assets/Scripts/GameManager.cs
  artifactKey: Guid(552ca27f5eb7773468db73467dcd0722) Importer(815301076,1909f56bfc062723c751e8b465ee728b)
Start importing Assets/Scripts/GameManager.cs using Guid(552ca27f5eb7773468db73467dcd0722) Importer(815301076,1909f56bfc062723c751e8b465ee728b)  -> (artifact id: 'd83d0157c33ee8116804e49833827a47') in 0.002052 seconds
  Import took 0.004775 seconds .

========================================================================
Received Prepare
Registering precompiled user dll's ...
Registered in 0.000743 seconds.
Begin MonoManager ReloadAssembly
Native extension for WindowsStandalone target not found
Native extension for WebGL target not found
Refreshing native plugins compatible for Editor in 0.36 ms, found 0 plugins.
Preloading 0 native plugins for Editor in 0.00 ms.
Invoked RoslynAnalysisRunner static constructor.
RoslynAnalysisRunner will not be running.
RoslynAnalysisRunner has terminated.
Mono: successfully reloaded assembly
- Completed reload, in  0.663 seconds
Platform modules already initialized, skipping
Refreshing native plugins compatible for Editor in 0.37 ms, found 0 plugins.
Preloading 0 native plugins for Editor in 0.00 ms.
Unloading 1263 Unused Serialized files (Serialized files now loaded: 0)
System memory in use before: 67.8 MB.
System memory in use after: 67.9 MB.

Unloading 6 unused Assets to reduce memory usage. Loaded Objects now: 1798.
Total: 2.219500 ms (FindLiveObjects: 0.170900 ms CreateObjectMapping: 0.030500 ms MarkObjects: 1.958200 ms  DeleteObjects: 0.058400 ms)

========================================================================
Received Prepare
Registering precompiled user dll's ...
Registered in 0.000763 seconds.
Begin MonoManager ReloadAssembly
Native extension for WindowsStandalone target not found
Native extension for WebGL target not found
Refreshing native plugins compatible for Editor in 0.35 ms, found 0 plugins.
Preloading 0 native plugins for Editor in 0.00 ms.
Invoked RoslynAnalysisRunner static constructor.
RoslynAnalysisRunner will not be running.
RoslynAnalysisRunner has terminated.
Mono: successfully reloaded assembly
- Completed reload, in  0.680 seconds
Platform modules already initialized, skipping
Refreshing native plugins compatible for Editor in 0.36 ms, found 0 plugins.
Preloading 0 native plugins for Editor in 0.00 ms.
Unloading 1263 Unused Serialized files (Serialized files now loaded: 0)
System memory in use before: 67.8 MB.
System memory in use after: 67.9 MB.

Unloading 6 unused Assets to reduce memory usage. Loaded Objects now: 1801.
Total: 2.258000 ms (FindLiveObjects: 0.206600 ms CreateObjectMapping: 0.053500 ms MarkObjects: 1.946500 ms  DeleteObjects: 0.050100 ms)

========================================================================
Received Import Request.
  Time since last request: 945.247051 seconds.
  path: Assets/Scripts/GameManager.cs
  artifactKey: Guid(552ca27f5eb7773468db73467dcd0722) Importer(815301076,1909f56bfc062723c751e8b465ee728b)
Start importing Assets/Scripts/GameManager.cs using Guid(552ca27f5eb7773468db73467dcd0722) Importer(815301076,1909f56bfc062723c751e8b465ee728b)  -> (artifact id: '56bea7dc3e34c827b18042e0d7fc57bf') in 0.007545 seconds
  Import took 0.010550 seconds .

========================================================================
Received Import Request.
  Time since last request: 42.297580 seconds.
  path: Assets/Scripts/GameManager.cs
  artifactKey: Guid(552ca27f5eb7773468db73467dcd0722) Importer(815301076,1909f56bfc062723c751e8b465ee728b)
Start importing Assets/Scripts/GameManager.cs using Guid(552ca27f5eb7773468db73467dcd0722) Importer(815301076,1909f56bfc062723c751e8b465ee728b)  -> (artifact id: '23fe4e282fed016d2701d0c8b4bca093') in 0.003640 seconds
  Import took 0.006984 seconds .

========================================================================
Received Prepare
Registering precompiled user dll's ...
Registered in 0.001085 seconds.
Begin MonoManager ReloadAssembly
Native extension for WindowsStandalone target not found
Native extension for WebGL target not found
Refreshing native plugins compatible for Editor in 0.35 ms, found 0 plugins.
Preloading 0 native plugins for Editor in 0.00 ms.
Invoked RoslynAnalysisRunner static constructor.
RoslynAnalysisRunner will not be running.
RoslynAnalysisRunner has terminated.
Mono: successfully reloaded assembly
- Completed reload, in  0.687 seconds
Platform modules already initialized, skipping
Refreshing native plugins compatible for Editor in 0.37 ms, found 0 plugins.
Preloading 0 native plugins for Editor in 0.00 ms.
Unloading 1263 Unused Serialized files (Serialized files now loaded: 0)
System memory in use before: 67.9 MB.
System memory in use after: 68.0 MB.

Unloading 6 unused Assets to reduce memory usage. Loaded Objects now: 1804.
Total: 2.191300 ms (FindLiveObjects: 0.235500 ms CreateObjectMapping: 0.056900 ms MarkObjects: 1.830800 ms  DeleteObjects: 0.066600 ms)

========================================================================
Received Import Request.
  Time since last request: 183.196730 seconds.
  path: Assets/Scripts/GameManager.cs
  artifactKey: Guid(552ca27f5eb7773468db73467dcd0722) Importer(815301076,1909f56bfc062723c751e8b465ee728b)
Start importing Assets/Scripts/GameManager.cs using Guid(552ca27f5eb7773468db73467dcd0722) Importer(815301076,1909f56bfc062723c751e8b465ee728b)  -> (artifact id: 'ccd3f666a4ad668f71ce9451773fa669') in 0.004134 seconds
  Import took 0.006784 seconds .

========================================================================
Received Import Request.
  Time since last request: 1.129971 seconds.
  path: Assets/Scripts/GameManager.cs
  artifactKey: Guid(552ca27f5eb7773468db73467dcd0722) Importer(815301076,1909f56bfc062723c751e8b465ee728b)
Start importing Assets/Scripts/GameManager.cs using Guid(552ca27f5eb7773468db73467dcd0722) Importer(815301076,1909f56bfc062723c751e8b465ee728b)  -> (artifact id: 'ccd3f666a4ad668f71ce9451773fa669') in 0.002248 seconds
  Import took 0.004339 seconds .

========================================================================
Received Prepare
Registering precompiled user dll's ...
Registered in 0.000841 seconds.
Begin MonoManager ReloadAssembly
Native extension for WindowsStandalone target not found
Native extension for WebGL target not found
Refreshing native plugins compatible for Editor in 0.36 ms, found 0 plugins.
Preloading 0 native plugins for Editor in 0.00 ms.
Invoked RoslynAnalysisRunner static constructor.
RoslynAnalysisRunner will not be running.
RoslynAnalysisRunner has terminated.
Mono: successfully reloaded assembly
- Completed reload, in  0.661 seconds
Platform modules already initialized, skipping
Refreshing native plugins compatible for Editor in 0.37 ms, found 0 plugins.
Preloading 0 native plugins for Editor in 0.00 ms.
Unloading 1263 Unused Serialized files (Serialized files now loaded: 0)
System memory in use before: 67.9 MB.
System memory in use after: 68.0 MB.

Unloading 6 unused Assets to reduce memory usage. Loaded Objects now: 1807.
Total: 2.338100 ms (FindLiveObjects: 0.222300 ms CreateObjectMapping: 0.055000 ms MarkObjects: 2.002900 ms  DeleteObjects: 0.056200 ms)

========================================================================
Received Prepare
Registering precompiled user dll's ...
Registered in 0.000737 seconds.
Begin MonoManager ReloadAssembly
Native extension for WindowsStandalone target not found
Native extension for WebGL target not found
Refreshing native plugins compatible for Editor in 0.36 ms, found 0 plugins.
Preloading 0 native plugins for Editor in 0.00 ms.
Invoked RoslynAnalysisRunner static constructor.
RoslynAnalysisRunner will not be running.
RoslynAnalysisRunner has terminated.
Mono: successfully reloaded assembly
- Completed reload, in  0.672 seconds
Platform modules already initialized, skipping
Refreshing native plugins compatible for Editor in 0.36 ms, found 0 plugins.
Preloading 0 native plugins for Editor in 0.00 ms.
Unloading 1263 Unused Serialized files (Serialized files now loaded: 0)
System memory in use before: 67.9 MB.
System memory in use after: 68.0 MB.

Unloading 6 unused Assets to reduce memory usage. Loaded Objects now: 1810.
Total: 1.938600 ms (FindLiveObjects: 0.139800 ms CreateObjectMapping: 0.028500 ms MarkObjects: 1.697400 ms  DeleteObjects: 0.071100 ms)

========================================================================
Received Prepare
Registering precompiled user dll's ...
Registered in 0.000773 seconds.
Begin MonoManager ReloadAssembly
Native extension for WindowsStandalone target not found
Native extension for WebGL target not found
Refreshing native plugins compatible for Editor in 0.37 ms, found 0 plugins.
Preloading 0 native plugins for Editor in 0.00 ms.
Invoked RoslynAnalysisRunner static constructor.
RoslynAnalysisRunner will not be running.
RoslynAnalysisRunner has terminated.
Mono: successfully reloaded assembly
- Completed reload, in  0.773 seconds
Platform modules already initialized, skipping
Refreshing native plugins compatible for Editor in 0.35 ms, found 0 plugins.
Preloading 0 native plugins for Editor in 0.00 ms.
Unloading 1263 Unused Serialized files (Serialized files now loaded: 0)
System memory in use before: 67.9 MB.
System memory in use after: 68.0 MB.

Unloading 6 unused Assets to reduce memory usage. Loaded Objects now: 1813.
Total: 1.669600 ms (FindLiveObjects: 0.162500 ms CreateObjectMapping: 0.028900 ms MarkObjects: 1.409400 ms  DeleteObjects: 0.067600 ms)

========================================================================
Received Prepare
Registering precompiled user dll's ...
Registered in 0.000798 seconds.
Begin MonoManager ReloadAssembly
Native extension for WindowsStandalone target not found
Native extension for WebGL target not found
Refreshing native plugins compatible for Editor in 0.48 ms, found 0 plugins.
Preloading 0 native plugins for Editor in 0.00 ms.
Invoked RoslynAnalysisRunner static constructor.
RoslynAnalysisRunner will not be running.
RoslynAnalysisRunner has terminated.
Mono: successfully reloaded assembly
- Completed reload, in  0.723 seconds
Platform modules already initialized, skipping
Refreshing native plugins compatible for Editor in 0.36 ms, found 0 plugins.
Preloading 0 native plugins for Editor in 0.00 ms.
Unloading 1263 Unused Serialized files (Serialized files now loaded: 0)
System memory in use before: 67.9 MB.
System memory in use after: 68.0 MB.

Unloading 6 unused Assets to reduce memory usage. Loaded Objects now: 1816.
Total: 1.644300 ms (FindLiveObjects: 0.149900 ms CreateObjectMapping: 0.030900 ms MarkObjects: 1.409800 ms  DeleteObjects: 0.052600 ms)

========================================================================
Received Prepare
Registering precompiled user dll's ...
Registered in 0.000847 seconds.
Begin MonoManager ReloadAssembly
Native extension for WindowsStandalone target not found
Native extension for WebGL target not found
Refreshing native plugins compatible for Editor in 0.36 ms, found 0 plugins.
Preloading 0 native plugins for Editor in 0.00 ms.
Invoked RoslynAnalysisRunner static constructor.
RoslynAnalysisRunner will not be running.
RoslynAnalysisRunner has terminated.
Mono: successfully reloaded assembly
- Completed reload, in  0.724 seconds
Platform modules already initialized, skipping
Refreshing native plugins compatible for Editor in 0.47 ms, found 0 plugins.
Preloading 0 native plugins for Editor in 0.00 ms.
Unloading 1263 Unused Serialized files (Serialized files now loaded: 0)
System memory in use before: 67.9 MB.
System memory in use after: 68.0 MB.

Unloading 6 unused Assets to reduce memory usage. Loaded Objects now: 1819.
Total: 2.359600 ms (FindLiveObjects: 0.314700 ms CreateObjectMapping: 0.075600 ms MarkObjects: 1.914200 ms  DeleteObjects: 0.053300 ms)

========================================================================
Received Prepare
Registering precompiled user dll's ...
Registered in 0.000799 seconds.
Begin MonoManager ReloadAssembly
Native extension for WindowsStandalone target not found
Native extension for WebGL target not found
Refreshing native plugins compatible for Editor in 0.44 ms, found 0 plugins.
Preloading 0 native plugins for Editor in 0.00 ms.
Invoked RoslynAnalysisRunner static constructor.
RoslynAnalysisRunner will not be running.
RoslynAnalysisRunner has terminated.
Mono: successfully reloaded assembly
- Completed reload, in  0.708 seconds
Platform modules already initialized, skipping
Refreshing native plugins compatible for Editor in 0.40 ms, found 0 plugins.
Preloading 0 native plugins for Editor in 0.00 ms.
Unloading 1263 Unused Serialized files (Serialized files now loaded: 0)
System memory in use before: 67.9 MB.
System memory in use after: 68.0 MB.

Unloading 6 unused Assets to reduce memory usage. Loaded Objects now: 1822.
Total: 2.171100 ms (FindLiveObjects: 0.240900 ms CreateObjectMapping: 0.077800 ms MarkObjects: 1.798900 ms  DeleteObjects: 0.052300 ms)

========================================================================
Received Prepare
Registering precompiled user dll's ...
Registered in 0.000834 seconds.
Begin MonoManager ReloadAssembly
Native extension for WindowsStandalone target not found
Native extension for WebGL target not found
Refreshing native plugins compatible for Editor in 0.40 ms, found 0 plugins.
Preloading 0 native plugins for Editor in 0.00 ms.
Invoked RoslynAnalysisRunner static constructor.
RoslynAnalysisRunner will not be running.
RoslynAnalysisRunner has terminated.
Mono: successfully reloaded assembly
- Completed reload, in  0.714 seconds
Platform modules already initialized, skipping
Refreshing native plugins compatible for Editor in 0.36 ms, found 0 plugins.
Preloading 0 native plugins for Editor in 0.00 ms.
Unloading 1263 Unused Serialized files (Serialized files now loaded: 0)
System memory in use before: 67.9 MB.
System memory in use after: 68.0 MB.

Unloading 6 unused Assets to reduce memory usage. Loaded Objects now: 1825.
Total: 2.057100 ms (FindLiveObjects: 0.180000 ms CreateObjectMapping: 0.029300 ms MarkObjects: 1.791100 ms  DeleteObjects: 0.055200 ms)

========================================================================
Received Prepare
Registering precompiled user dll's ...
Registered in 0.001042 seconds.
Begin MonoManager ReloadAssembly
Native extension for WindowsStandalone target not found
Native extension for WebGL target not found
Refreshing native plugins compatible for Editor in 0.36 ms, found 0 plugins.
Preloading 0 native plugins for Editor in 0.00 ms.
Invoked RoslynAnalysisRunner static constructor.
RoslynAnalysisRunner will not be running.
RoslynAnalysisRunner has terminated.
Mono: successfully reloaded assembly
- Completed reload, in  0.769 seconds
Platform modules already initialized, skipping
Refreshing native plugins compatible for Editor in 0.56 ms, found 0 plugins.
Preloading 0 native plugins for Editor in 0.00 ms.
Unloading 1263 Unused Serialized files (Serialized files now loaded: 0)
System memory in use before: 67.9 MB.
System memory in use after: 68.0 MB.

Unloading 6 unused Assets to reduce memory usage. Loaded Objects now: 1828.
Total: 1.993700 ms (FindLiveObjects: 0.169400 ms CreateObjectMapping: 0.032800 ms MarkObjects: 1.717500 ms  DeleteObjects: 0.072500 ms)

========================================================================
Received Prepare
Registering precompiled user dll's ...
Registered in 0.000761 seconds.
Begin MonoManager ReloadAssembly
Native extension for WindowsStandalone target not found
Native extension for WebGL target not found
Refreshing native plugins compatible for Editor in 0.56 ms, found 0 plugins.
Preloading 0 native plugins for Editor in 0.00 ms.
Invoked RoslynAnalysisRunner static constructor.
RoslynAnalysisRunner will not be running.
RoslynAnalysisRunner has terminated.
Mono: successfully reloaded assembly
- Completed reload, in  0.746 seconds
Platform modules already initialized, skipping
Refreshing native plugins compatible for Editor in 0.56 ms, found 0 plugins.
Preloading 0 native plugins for Editor in 0.00 ms.
Unloading 1263 Unused Serialized files (Serialized files now loaded: 0)
System memory in use before: 67.9 MB.
System memory in use after: 68.0 MB.

Unloading 6 unused Assets to reduce memory usage. Loaded Objects now: 1831.
Total: 1.817100 ms (FindLiveObjects: 0.158700 ms CreateObjectMapping: 0.029400 ms MarkObjects: 1.571200 ms  DeleteObjects: 0.056700 ms)

========================================================================
Received Prepare
Registering precompiled user dll's ...
Registered in 0.000823 seconds.
Begin MonoManager ReloadAssembly
Native extension for WindowsStandalone target not found
Native extension for WebGL target not found
Refreshing native plugins compatible for Editor in 0.35 ms, found 0 plugins.
Preloading 0 native plugins for Editor in 0.00 ms.
Invoked RoslynAnalysisRunner static constructor.
RoslynAnalysisRunner will not be running.
RoslynAnalysisRunner has terminated.
Mono: successfully reloaded assembly
- Completed reload, in  0.752 seconds
Platform modules already initialized, skipping
Refreshing native plugins compatible for Editor in 0.36 ms, found 0 plugins.
Preloading 0 native plugins for Editor in 0.00 ms.
Unloading 1263 Unused Serialized files (Serialized files now loaded: 0)
System memory in use before: 67.9 MB.
System memory in use after: 68.0 MB.

Unloading 6 unused Assets to reduce memory usage. Loaded Objects now: 1834.
Total: 1.637200 ms (FindLiveObjects: 0.163900 ms CreateObjectMapping: 0.030300 ms MarkObjects: 1.388900 ms  DeleteObjects: 0.052800 ms)

========================================================================
Received Prepare
Registering precompiled user dll's ...
Registered in 0.000747 seconds.
Begin MonoManager ReloadAssembly
Native extension for WindowsStandalone target not found
Native extension for WebGL target not found
Refreshing native plugins compatible for Editor in 0.35 ms, found 0 plugins.
Preloading 0 native plugins for Editor in 0.00 ms.
Invoked RoslynAnalysisRunner static constructor.
RoslynAnalysisRunner will not be running.
RoslynAnalysisRunner has terminated.
Mono: successfully reloaded assembly
- Completed reload, in  0.730 seconds
Platform modules already initialized, skipping
Refreshing native plugins compatible for Editor in 0.42 ms, found 0 plugins.
Preloading 0 native plugins for Editor in 0.00 ms.
Unloading 1263 Unused Serialized files (Serialized files now loaded: 0)
System memory in use before: 67.9 MB.
System memory in use after: 68.0 MB.

Unloading 6 unused Assets to reduce memory usage. Loaded Objects now: 1837.
Total: 2.349900 ms (FindLiveObjects: 0.233800 ms CreateObjectMapping: 0.040500 ms MarkObjects: 1.996900 ms  DeleteObjects: 0.076900 ms)

========================================================================
Received Prepare
Registering precompiled user dll's ...
Registered in 0.000798 seconds.
Begin MonoManager ReloadAssembly
Native extension for WindowsStandalone target not found
Native extension for WebGL target not found
Refreshing native plugins compatible for Editor in 0.43 ms, found 0 plugins.
Preloading 0 native plugins for Editor in 0.00 ms.
Invoked RoslynAnalysisRunner static constructor.
RoslynAnalysisRunner will not be running.
RoslynAnalysisRunner has terminated.
Mono: successfully reloaded assembly
- Completed reload, in  0.743 seconds
Platform modules already initialized, skipping
Refreshing native plugins compatible for Editor in 0.60 ms, found 0 plugins.
Preloading 0 native plugins for Editor in 0.00 ms.
Unloading 1263 Unused Serialized files (Serialized files now loaded: 0)
System memory in use before: 67.9 MB.
System memory in use after: 68.0 MB.

Unloading 6 unused Assets to reduce memory usage. Loaded Objects now: 1840.
Total: 2.328700 ms (FindLiveObjects: 0.212600 ms CreateObjectMapping: 0.031600 ms MarkObjects: 2.024200 ms  DeleteObjects: 0.058400 ms)

========================================================================
Received Prepare
Registering precompiled user dll's ...
Registered in 0.000826 seconds.
Begin MonoManager ReloadAssembly
Native extension for WindowsStandalone target not found
Native extension for WebGL target not found
Refreshing native plugins compatible for Editor in 0.36 ms, found 0 plugins.
Preloading 0 native plugins for Editor in 0.00 ms.
Invoked RoslynAnalysisRunner static constructor.
RoslynAnalysisRunner will not be running.
RoslynAnalysisRunner has terminated.
Mono: successfully reloaded assembly
- Completed reload, in  0.735 seconds
Platform modules already initialized, skipping
Refreshing native plugins compatible for Editor in 0.66 ms, found 0 plugins.
Preloading 0 native plugins for Editor in 0.00 ms.
Unloading 1263 Unused Serialized files (Serialized files now loaded: 0)
System memory in use before: 68.0 MB.
System memory in use after: 68.0 MB.

Unloading 6 unused Assets to reduce memory usage. Loaded Objects now: 1843.
Total: 2.075900 ms (FindLiveObjects: 0.226500 ms CreateObjectMapping: 0.056500 ms MarkObjects: 1.734500 ms  DeleteObjects: 0.056300 ms)

========================================================================
Received Prepare
Registering precompiled user dll's ...
Registered in 0.001066 seconds.
Begin MonoManager ReloadAssembly
Native extension for WindowsStandalone target not found
Native extension for WebGL target not found
Refreshing native plugins compatible for Editor in 0.60 ms, found 0 plugins.
Preloading 0 native plugins for Editor in 0.00 ms.
Invoked RoslynAnalysisRunner static constructor.
RoslynAnalysisRunner will not be running.
RoslynAnalysisRunner has terminated.
Mono: successfully reloaded assembly
- Completed reload, in  0.729 seconds
Platform modules already initialized, skipping
Refreshing native plugins compatible for Editor in 0.35 ms, found 0 plugins.
Preloading 0 native plugins for Editor in 0.00 ms.
Unloading 1263 Unused Serialized files (Serialized files now loaded: 0)
System memory in use before: 68.0 MB.
System memory in use after: 68.0 MB.

Unloading 6 unused Assets to reduce memory usage. Loaded Objects now: 1846.
Total: 1.889000 ms (FindLiveObjects: 0.234900 ms CreateObjectMapping: 0.032900 ms MarkObjects: 1.566500 ms  DeleteObjects: 0.053300 ms)

========================================================================
Received Prepare
Registering precompiled user dll's ...
Registered in 0.000777 seconds.
Begin MonoManager ReloadAssembly
Native extension for WindowsStandalone target not found
Native extension for WebGL target not found
Refreshing native plugins compatible for Editor in 0.38 ms, found 0 plugins.
Preloading 0 native plugins for Editor in 0.00 ms.
Invoked RoslynAnalysisRunner static constructor.
RoslynAnalysisRunner will not be running.
RoslynAnalysisRunner has terminated.
Mono: successfully reloaded assembly
- Completed reload, in  0.788 seconds
Platform modules already initialized, skipping
Refreshing native plugins compatible for Editor in 0.42 ms, found 0 plugins.
Preloading 0 native plugins for Editor in 0.00 ms.
Unloading 1263 Unused Serialized files (Serialized files now loaded: 0)
System memory in use before: 68.0 MB.
System memory in use after: 68.0 MB.

Unloading 6 unused Assets to reduce memory usage. Loaded Objects now: 1849.
Total: 2.530600 ms (FindLiveObjects: 0.230800 ms CreateObjectMapping: 0.086400 ms MarkObjects: 2.154300 ms  DeleteObjects: 0.057800 ms)

========================================================================
Received Prepare
Registering precompiled user dll's ...
Registered in 0.000901 seconds.
Begin MonoManager ReloadAssembly
Native extension for WindowsStandalone target not found
Native extension for WebGL target not found
Refreshing native plugins compatible for Editor in 0.82 ms, found 0 plugins.
Preloading 0 native plugins for Editor in 0.00 ms.
Invoked RoslynAnalysisRunner static constructor.
RoslynAnalysisRunner will not be running.
RoslynAnalysisRunner has terminated.
Mono: successfully reloaded assembly
- Completed reload, in  0.805 seconds
Platform modules already initialized, skipping
Refreshing native plugins compatible for Editor in 0.68 ms, found 0 plugins.
Preloading 0 native plugins for Editor in 0.00 ms.
Unloading 1263 Unused Serialized files (Serialized files now loaded: 0)
System memory in use before: 68.0 MB.
System memory in use after: 68.0 MB.

Unloading 6 unused Assets to reduce memory usage. Loaded Objects now: 1852.
Total: 2.654000 ms (FindLiveObjects: 0.204700 ms CreateObjectMapping: 0.030000 ms MarkObjects: 2.307600 ms  DeleteObjects: 0.108500 ms)

========================================================================
Received Prepare
Registering precompiled user dll's ...
Registered in 0.000737 seconds.
Begin MonoManager ReloadAssembly
Native extension for WindowsStandalone target not found
Native extension for WebGL target not found
Refreshing native plugins compatible for Editor in 0.37 ms, found 0 plugins.
Preloading 0 native plugins for Editor in 0.00 ms.
Invoked RoslynAnalysisRunner static constructor.
RoslynAnalysisRunner will not be running.
RoslynAnalysisRunner has terminated.
Mono: successfully reloaded assembly
- Completed reload, in  0.746 seconds
Platform modules already initialized, skipping
Refreshing native plugins compatible for Editor in 0.63 ms, found 0 plugins.
Preloading 0 native plugins for Editor in 0.00 ms.
Unloading 1263 Unused Serialized files (Serialized files now loaded: 0)
System memory in use before: 68.0 MB.
System memory in use after: 68.0 MB.

Unloading 6 unused Assets to reduce memory usage. Loaded Objects now: 1855.
Total: 2.586100 ms (FindLiveObjects: 0.285100 ms CreateObjectMapping: 0.076000 ms MarkObjects: 2.169100 ms  DeleteObjects: 0.053800 ms)

========================================================================
Received Prepare
Registering precompiled user dll's ...
Registered in 0.000904 seconds.
Begin MonoManager ReloadAssembly
Native extension for WindowsStandalone target not found
Native extension for WebGL target not found
Refreshing native plugins compatible for Editor in 0.56 ms, found 0 plugins.
Preloading 0 native plugins for Editor in 0.00 ms.
Invoked RoslynAnalysisRunner static constructor.
RoslynAnalysisRunner will not be running.
RoslynAnalysisRunner has terminated.
Mono: successfully reloaded assembly
- Completed reload, in  0.719 seconds
Platform modules already initialized, skipping
Refreshing native plugins compatible for Editor in 0.35 ms, found 0 plugins.
Preloading 0 native plugins for Editor in 0.00 ms.
Unloading 1263 Unused Serialized files (Serialized files now loaded: 0)
System memory in use before: 68.0 MB.
System memory in use after: 68.1 MB.

Unloading 6 unused Assets to reduce memory usage. Loaded Objects now: 1858.
Total: 2.478100 ms (FindLiveObjects: 0.329900 ms CreateObjectMapping: 0.044900 ms MarkObjects: 2.038200 ms  DeleteObjects: 0.062800 ms)

========================================================================
Received Prepare
Registering precompiled user dll's ...
Registered in 0.000781 seconds.
Begin MonoManager ReloadAssembly
Native extension for WindowsStandalone target not found
Native extension for WebGL target not found
Refreshing native plugins compatible for Editor in 0.36 ms, found 0 plugins.
Preloading 0 native plugins for Editor in 0.00 ms.
Invoked RoslynAnalysisRunner static constructor.
RoslynAnalysisRunner will not be running.
RoslynAnalysisRunner has terminated.
Mono: successfully reloaded assembly
- Completed reload, in  0.709 seconds
Platform modules already initialized, skipping
Refreshing native plugins compatible for Editor in 0.36 ms, found 0 plugins.
Preloading 0 native plugins for Editor in 0.00 ms.
Unloading 1263 Unused Serialized files (Serialized files now loaded: 0)
System memory in use before: 68.0 MB.
System memory in use after: 68.1 MB.

Unloading 6 unused Assets to reduce memory usage. Loaded Objects now: 1861.
Total: 2.985000 ms (FindLiveObjects: 0.270000 ms CreateObjectMapping: 0.079600 ms MarkObjects: 2.501800 ms  DeleteObjects: 0.131400 ms)

========================================================================
Received Import Request.
  Time since last request: 2814.372179 seconds.
  path: Assets/Prefabs/bomb
  artifactKey: Guid(f2e3cc4171fc54145b2dd266cb4e8514) Importer(815301076,1909f56bfc062723c751e8b465ee728b)
Start importing Assets/Prefabs/bomb using Guid(f2e3cc4171fc54145b2dd266cb4e8514) Importer(815301076,1909f56bfc062723c751e8b465ee728b)  -> (artifact id: '587d602e6bca71b5c7ba71d7d013b002') in 0.009087 seconds
  Import took 0.011851 seconds .

========================================================================
Received Import Request.
  Time since last request: 52.259988 seconds.
  path: Assets/Prefabs/bomb/source
  artifactKey: Guid(9eaa068c88a03f540ab1d49b80bd39f3) Importer(815301076,1909f56bfc062723c751e8b465ee728b)
Start importing Assets/Prefabs/bomb/source using Guid(9eaa068c88a03f540ab1d49b80bd39f3) Importer(815301076,1909f56bfc062723c751e8b465ee728b)  -> (artifact id: '62b48d155a65f3e52573d74854508b81') in 0.002529 seconds
  Import took 0.005409 seconds .

========================================================================
Received Import Request.
  Time since last request: 0.001360 seconds.
  path: Assets/Prefabs/bomb/source
  artifactKey: Guid(9eaa068c88a03f540ab1d49b80bd39f3) Importer(815301076,1909f56bfc062723c751e8b465ee728b)
Start importing Assets/Prefabs/bomb/source using Guid(9eaa068c88a03f540ab1d49b80bd39f3) Importer(815301076,1909f56bfc062723c751e8b465ee728b)  -> (artifact id: '62b48d155a65f3e52573d74854508b81') in 0.002331 seconds
  Import took 0.004666 seconds .

========================================================================
Received Import Request.
  Time since last request: 9.291490 seconds.
  path: Assets/Prefabs/bomb/source/Bomb.obj
  artifactKey: Guid(7930d0e2b17a67d4987fdb8962711af8) Importer(815301076,1909f56bfc062723c751e8b465ee728b)
Start importing Assets/Prefabs/bomb/source/Bomb.obj using Guid(7930d0e2b17a67d4987fdb8962711af8) Importer(815301076,1909f56bfc062723c751e8b465ee728b)  -> (artifact id: '6ea1202863b9d9a450b168bcded22ca0') in 0.112768 seconds
  Import took 0.116028 seconds .

========================================================================
Received Import Request.
  Time since last request: 8.876325 seconds.
  path: Assets/Prefabs/bomb/textures
  artifactKey: Guid(1fed6877aea6ed94fb78bf4cc7708efb) Importer(815301076,1909f56bfc062723c751e8b465ee728b)
Start importing Assets/Prefabs/bomb/textures using Guid(1fed6877aea6ed94fb78bf4cc7708efb) Importer(815301076,1909f56bfc062723c751e8b465ee728b)  -> (artifact id: 'fb3472853f32023c04f9095fbd29a160') in 0.002665 seconds
  Import took 0.005975 seconds .

========================================================================
Received Import Request.
  Time since last request: 0.000370 seconds.
  path: Assets/Prefabs/bomb/textures
  artifactKey: Guid(1fed6877aea6ed94fb78bf4cc7708efb) Importer(815301076,1909f56bfc062723c751e8b465ee728b)
Start importing Assets/Prefabs/bomb/textures using Guid(1fed6877aea6ed94fb78bf4cc7708efb) Importer(815301076,1909f56bfc062723c751e8b465ee728b)  -> (artifact id: 'fb3472853f32023c04f9095fbd29a160') in 0.002523 seconds
  Import took 0.004963 seconds .

========================================================================
Received Import Request.
  Time since last request: 36.386477 seconds.
  path: Assets/Prefabs/bomb/source/Bomb.prefab
  artifactKey: Guid(419834e7cb549b7499ce76f42bd151ce) Importer(815301076,1909f56bfc062723c751e8b465ee728b)
Start importing Assets/Prefabs/bomb/source/Bomb.prefab using Guid(419834e7cb549b7499ce76f42bd151ce) Importer(815301076,1909f56bfc062723c751e8b465ee728b)  -> (artifact id: '46435c0ca81018b683233068d2b530a1') in 0.017254 seconds
  Import took 0.019887 seconds .

========================================================================
Received Import Request.
  Time since last request: 63.561613 seconds.
  path: Assets/Animations
  artifactKey: Guid(d5dd1cebbbc14364f9efcbaed46b8c2c) Importer(815301076,1909f56bfc062723c751e8b465ee728b)
Start importing Assets/Animations using Guid(d5dd1cebbbc14364f9efcbaed46b8c2c) Importer(815301076,1909f56bfc062723c751e8b465ee728b)  -> (artifact id: 'dc68c121a9ba244c7202bf7080fa624e') in 0.009947 seconds
  Import took 0.014025 seconds .

========================================================================
Received Import Request.
  Time since last request: 0.003744 seconds.
  path: Assets/Animations
  artifactKey: Guid(d5dd1cebbbc14364f9efcbaed46b8c2c) Importer(815301076,1909f56bfc062723c751e8b465ee728b)
Start importing Assets/Animations using Guid(d5dd1cebbbc14364f9efcbaed46b8c2c) Importer(815301076,1909f56bfc062723c751e8b465ee728b)  -> (artifact id: 'dc68c121a9ba244c7202bf7080fa624e') in 0.002413 seconds
  Import took 0.004619 seconds .

========================================================================
Received Import Request.
  Time since last request: 95.612404 seconds.
  path: ProjectSettings/TagManager.asset
  artifactKey: Guid(00000000000000003000000000000000) Importer(815301076,1909f56bfc062723c751e8b465ee728b)
Start importing ProjectSettings/TagManager.asset using Guid(00000000000000003000000000000000) Importer(815301076,1909f56bfc062723c751e8b465ee728b)  -> (artifact id: 'e62bfaac1f3aff948368cf11f4178880') in 0.008545 seconds
  Import took 0.011159 seconds .

========================================================================
Received Prepare
Registering precompiled user dll's ...
Registered in 0.000768 seconds.
Begin MonoManager ReloadAssembly
Native extension for WindowsStandalone target not found
Native extension for WebGL target not found
Refreshing native plugins compatible for Editor in 0.44 ms, found 0 plugins.
Preloading 0 native plugins for Editor in 0.00 ms.
Invoked RoslynAnalysisRunner static constructor.
RoslynAnalysisRunner will not be running.
RoslynAnalysisRunner has terminated.
Mono: successfully reloaded assembly
- Completed reload, in  0.739 seconds
Platform modules already initialized, skipping
Refreshing native plugins compatible for Editor in 0.44 ms, found 0 plugins.
Preloading 0 native plugins for Editor in 0.00 ms.
Unloading 1263 Unused Serialized files (Serialized files now loaded: 0)
System memory in use before: 68.0 MB.
System memory in use after: 68.1 MB.

Unloading 7 unused Assets to reduce memory usage. Loaded Objects now: 1865.
Total: 2.262500 ms (FindLiveObjects: 0.218900 ms CreateObjectMapping: 0.055800 ms MarkObjects: 1.927700 ms  DeleteObjects: 0.058700 ms)

========================================================================
Received Prepare
Registering precompiled user dll's ...
Registered in 0.001124 seconds.
Begin MonoManager ReloadAssembly
Native extension for WindowsStandalone target not found
Native extension for WebGL target not found
Refreshing native plugins compatible for Editor in 0.36 ms, found 0 plugins.
Preloading 0 native plugins for Editor in 0.00 ms.
Invoked RoslynAnalysisRunner static constructor.
RoslynAnalysisRunner will not be running.
RoslynAnalysisRunner has terminated.
Mono: successfully reloaded assembly
- Completed reload, in  0.679 seconds
Platform modules already initialized, skipping
Refreshing native plugins compatible for Editor in 0.39 ms, found 0 plugins.
Preloading 0 native plugins for Editor in 0.00 ms.
Unloading 1263 Unused Serialized files (Serialized files now loaded: 0)
System memory in use before: 68.0 MB.
System memory in use after: 68.1 MB.

Unloading 6 unused Assets to reduce memory usage. Loaded Objects now: 1868.
Total: 2.003500 ms (FindLiveObjects: 0.203800 ms CreateObjectMapping: 0.030000 ms MarkObjects: 1.686300 ms  DeleteObjects: 0.081300 ms)

AssetImportWorkerClient::OnTransportError - code=2 error=End of file
